Cunit tarball does not exists or does not have a valid checksum; (re)downloading.
/data/te1st/building/apps/xparser/0.17.1/gcc-6.2/CUnit-2.1-3 /data/te1st/building/apps/xparser/0.17.1/gcc-6.2
libtoolize: putting auxiliary files in `.'.
libtoolize: copying file `./ltmain.sh'
libtoolize: Consider adding `AC_CONFIG_MACRO_DIR([m4])' to configure.in and
libtoolize: rerunning libtoolize, to keep the correct libtool macros in-tree.
libtoolize: Consider adding `-I m4' to ACLOCAL_AMFLAGS in Makefile.am.
checking for a BSD-compatible install... /bin/install -c
checking whether build environment is sane... yes
checking for a thread-safe mkdir -p... /bin/mkdir -p
checking for gawk... gawk
checking whether make sets $(MAKE)... yes
checking whether make supports nested variables... yes
---------- Disabling debug mode compilation.
++++++++++ Enabling automated(XML) mode compilation
++++++++++ Enabling basic mode compilation
++++++++++ Enabling console mode compilation
---------- Disabling curses mode compilation
---------- Disabling examples mode compilation
++++++++++ Enabling test mode compilation
---------- Disabling memtrace functionality at compile time
---------- Disabling use of deprecated v1.1 names
checking for gcc... gcc
checking whether the C compiler works... yes
checking for C compiler default output file name... a.out
checking for suffix of executables... 
checking whether we are cross compiling... no
checking for suffix of object files... o
checking whether we are using the GNU C compiler... yes
checking whether gcc accepts -g... yes
checking for gcc option to accept ISO C89... none needed
checking for style of include used by make... GNU
checking dependency style of gcc... gcc3
checking whether make sets $(MAKE)... (cached) yes
checking build system type... x86_64-unknown-linux-gnu
checking host system type... x86_64-unknown-linux-gnu
checking how to print strings... printf
checking for a sed that does not truncate output... /bin/sed
checking for grep that handles long lines and -e... /bin/grep
checking for egrep... /bin/grep -E
checking for fgrep... /bin/grep -F
checking for ld used by gcc... /bin/ld
checking if the linker (/bin/ld) is GNU ld... yes
checking for BSD- or MS-compatible name lister (nm)... /bin/nm -B
checking the name lister (/bin/nm -B) interface... BSD nm
checking whether ln -s works... yes
checking the maximum length of command line arguments... 3458764513820540925
checking whether the shell understands some XSI constructs... yes
checking whether the shell understands "+="... yes
checking how to convert x86_64-unknown-linux-gnu file names to x86_64-unknown-linux-gnu format... func_convert_file_noop
checking how to convert x86_64-unknown-linux-gnu file names to toolchain format... func_convert_file_noop
checking for /bin/ld option to reload object files... -r
checking for objdump... objdump
checking how to recognize dependent libraries... pass_all
checking for dlltool... no
checking how to associate runtime and link libraries... printf %s\n
checking for ar... ar
checking for archiver @FILE support... @
checking for strip... strip
checking for ranlib... ranlib
checking command to parse /bin/nm -B output from gcc object... ok
checking for sysroot... no
checking for mt... no
checking if : is a manifest tool... no
checking how to run the C preprocessor... gcc -E
checking for ANSI C header files... yes
checking for sys/types.h... yes
checking for sys/stat.h... yes
checking for stdlib.h... yes
checking for string.h... yes
checking for memory.h... yes
checking for strings.h... yes
checking for inttypes.h... yes
checking for stdint.h... yes
checking for unistd.h... yes
checking for dlfcn.h... yes
checking for objdir... .libs
checking if gcc supports -fno-rtti -fno-exceptions... no
checking for gcc option to produce PIC... -fPIC -DPIC
checking if gcc PIC flag -fPIC -DPIC works... yes
checking if gcc static flag -static works... no
checking if gcc supports -c -o file.o... yes
checking if gcc supports -c -o file.o... (cached) yes
checking whether the gcc linker (/bin/ld -m elf_x86_64) supports shared libraries... yes
checking whether -lc should be explicitly linked in... no
checking dynamic linker characteristics... GNU/Linux ld.so
checking how to hardcode library paths into programs... immediate
checking whether stripping libraries is possible... yes
checking if libtool supports shared libraries... yes
checking whether to build shared libraries... yes
checking whether to build static libraries... yes
checking for main in -lc... yes
checking for malloc... yes
checking for free... yes
checking for calloc... yes
checking for realloc... yes
checking for strcpy... yes
checking for strerror... yes
checking for fopen... yes
checking for fclose... yes
checking for fprintf... yes
checking for snprintf... yes
checking for setvbuf... yes
checking for time... yes
checking for ctime... yes
checking for ANSI C header files... (cached) yes
checking assert.h usability... yes
checking assert.h presence... yes
checking for assert.h... yes
checking ctype.h usability... yes
checking ctype.h presence... yes
checking for ctype.h... yes
checking math.h usability... yes
checking math.h presence... yes
checking for math.h... yes
checking file.h usability... no
checking file.h presence... no
checking for file.h... no
checking stdio.h usability... yes
checking stdio.h presence... yes
checking for stdio.h... yes
checking for stdlib.h... (cached) yes
checking for string.h... (cached) yes
checking for an ANSI C-conforming const... yes
checking that generated files are newer than configure... done
configure: creating ./config.status
config.status: creating Jamrules
config.status: creating Makefile
config.status: creating CUnit.spec
config.status: creating cunit.pc
config.status: creating CUnit/Makefile
config.status: creating CUnit/Headers/Makefile
config.status: creating CUnit/Headers/CUnit.h
config.status: creating CUnit/Sources/Makefile
config.status: creating CUnit/Sources/Framework/Makefile
config.status: creating CUnit/Sources/Automated/Makefile
config.status: creating CUnit/Sources/Basic/Makefile
config.status: creating CUnit/Sources/Console/Makefile
config.status: creating CUnit/Sources/Curses/Makefile
config.status: creating CUnit/Sources/Test/Makefile
config.status: creating doc/Makefile
config.status: creating doc/headers/Makefile
config.status: creating Examples/Makefile
config.status: creating Examples/AutomatedTest/Makefile
config.status: creating Examples/BasicTest/Makefile
config.status: creating Examples/ConsoleTest/Makefile
config.status: creating Examples/CursesTest/Makefile
config.status: creating Man/Makefile
config.status: creating Man/man3/Makefile
config.status: creating Share/Makefile
config.status: creating config.h
config.status: executing depfiles commands
config.status: executing libtool commands
make  all-recursive
make[1]: Entering directory `/data/te1st/building/apps/xparser/0.17.1/gcc-6.2/CUnit-2.1-3'
Making all in CUnit
make[2]: Entering directory `/data/te1st/building/apps/xparser/0.17.1/gcc-6.2/CUnit-2.1-3/CUnit'
Making all in Sources
make[3]: Entering directory `/data/te1st/building/apps/xparser/0.17.1/gcc-6.2/CUnit-2.1-3/CUnit/Sources'
Making all in Framework
make[4]: Entering directory `/data/te1st/building/apps/xparser/0.17.1/gcc-6.2/CUnit-2.1-3/CUnit/Sources/Framework'
gcc -DHAVE_CONFIG_H -I. -I../../..  -I../../../CUnit/Headers -I/usr/local/packages/dev/gcc/6.2.0/include  -I/usr/local/packages/dev/gcc/6.2.0/include -DRELEASE=@RELEASE@ -Wall -W -pedantic -Wshadow -ansi -I/data/te1st/building/apps/xparser/0.17.1/gcc-6.2/CUnit-2.1-3/CUnit/Headers -std=c99 -I../Test -DCUNIT_BUILD_TESTS -DCUNIT_DO_NOT_DEFINE_UNLESS_BUILDING_TESTS -DMEMTRACE -o CUError_test.o -c CUError.c
gcc -DHAVE_CONFIG_H -I. -I../../..  -I../../../CUnit/Headers -I/usr/local/packages/dev/gcc/6.2.0/include  -I/usr/local/packages/dev/gcc/6.2.0/include -DRELEASE=@RELEASE@ -Wall -W -pedantic -Wshadow -ansi -I/data/te1st/building/apps/xparser/0.17.1/gcc-6.2/CUnit-2.1-3/CUnit/Headers -std=c99 -I../Test -DCUNIT_BUILD_TESTS -DCUNIT_DO_NOT_DEFINE_UNLESS_BUILDING_TESTS -DMEMTRACE -o MyMem_test.o -c MyMem.c
gcc -DHAVE_CONFIG_H -I. -I../../..  -I../../../CUnit/Headers -I/usr/local/packages/dev/gcc/6.2.0/include  -I/usr/local/packages/dev/gcc/6.2.0/include -DRELEASE=@RELEASE@ -Wall -W -pedantic -Wshadow -ansi -I/data/te1st/building/apps/xparser/0.17.1/gcc-6.2/CUnit-2.1-3/CUnit/Headers -std=c99 -I../Test -DCUNIT_BUILD_TESTS -DCUNIT_DO_NOT_DEFINE_UNLESS_BUILDING_TESTS -DMEMTRACE -o TestDB_test.o -c TestDB.c
gcc -DHAVE_CONFIG_H -I. -I../../..  -I../../../CUnit/Headers -I/usr/local/packages/dev/gcc/6.2.0/include  -I/usr/local/packages/dev/gcc/6.2.0/include -DRELEASE=@RELEASE@ -Wall -W -pedantic -Wshadow -ansi -I/data/te1st/building/apps/xparser/0.17.1/gcc-6.2/CUnit-2.1-3/CUnit/Headers -std=c99 -I../Test -DCUNIT_BUILD_TESTS -DCUNIT_DO_NOT_DEFINE_UNLESS_BUILDING_TESTS -DMEMTRACE -o TestRun_test.o -c TestRun.c
gcc -DHAVE_CONFIG_H -I. -I../../..  -I../../../CUnit/Headers -I/usr/local/packages/dev/gcc/6.2.0/include  -I/usr/local/packages/dev/gcc/6.2.0/include -DRELEASE=@RELEASE@ -Wall -W -pedantic -Wshadow -ansi -I/data/te1st/building/apps/xparser/0.17.1/gcc-6.2/CUnit-2.1-3/CUnit/Headers -std=c99 -I../Test -DCUNIT_BUILD_TESTS -DCUNIT_DO_NOT_DEFINE_UNLESS_BUILDING_TESTS -DMEMTRACE -o Util_test.o -c Util.c
rm -f libcunittestfmk.a
ar cru libcunittestfmk.a  CUError_test.o MyMem_test.o TestDB_test.o TestRun_test.o Util_test.o
ranlib libcunittestfmk.a
/bin/sh ../../../libtool  --tag=CC   --mode=compile gcc -DHAVE_CONFIG_H -I. -I../../..  -I../../../CUnit/Headers -I/usr/local/packages/dev/gcc/6.2.0/include  -I/usr/local/packages/dev/gcc/6.2.0/include -DRELEASE=@RELEASE@ -Wall -W -pedantic -Wshadow -ansi -I/data/te1st/building/apps/xparser/0.17.1/gcc-6.2/CUnit-2.1-3/CUnit/Headers -std=c99 -MT CUError.lo -MD -MP -MF .deps/CUError.Tpo -c -o CUError.lo CUError.c
libtool: compile:  gcc -DHAVE_CONFIG_H -I. -I../../.. -I../../../CUnit/Headers -I/usr/local/packages/dev/gcc/6.2.0/include -I/usr/local/packages/dev/gcc/6.2.0/include -DRELEASE=@RELEASE@ -Wall -W -pedantic -Wshadow -ansi -I/data/te1st/building/apps/xparser/0.17.1/gcc-6.2/CUnit-2.1-3/CUnit/Headers -std=c99 -MT CUError.lo -MD -MP -MF .deps/CUError.Tpo -c CUError.c  -fPIC -DPIC -o .libs/CUError.o
libtool: compile:  gcc -DHAVE_CONFIG_H -I. -I../../.. -I../../../CUnit/Headers -I/usr/local/packages/dev/gcc/6.2.0/include -I/usr/local/packages/dev/gcc/6.2.0/include -DRELEASE=@RELEASE@ -Wall -W -pedantic -Wshadow -ansi -I/data/te1st/building/apps/xparser/0.17.1/gcc-6.2/CUnit-2.1-3/CUnit/Headers -std=c99 -MT CUError.lo -MD -MP -MF .deps/CUError.Tpo -c CUError.c -o CUError.o >/dev/null 2>&1
mv -f .deps/CUError.Tpo .deps/CUError.Plo
/bin/sh ../../../libtool  --tag=CC   --mode=compile gcc -DHAVE_CONFIG_H -I. -I../../..  -I../../../CUnit/Headers -I/usr/local/packages/dev/gcc/6.2.0/include  -I/usr/local/packages/dev/gcc/6.2.0/include -DRELEASE=@RELEASE@ -Wall -W -pedantic -Wshadow -ansi -I/data/te1st/building/apps/xparser/0.17.1/gcc-6.2/CUnit-2.1-3/CUnit/Headers -std=c99 -MT MyMem.lo -MD -MP -MF .deps/MyMem.Tpo -c -o MyMem.lo MyMem.c
libtool: compile:  gcc -DHAVE_CONFIG_H -I. -I../../.. -I../../../CUnit/Headers -I/usr/local/packages/dev/gcc/6.2.0/include -I/usr/local/packages/dev/gcc/6.2.0/include -DRELEASE=@RELEASE@ -Wall -W -pedantic -Wshadow -ansi -I/data/te1st/building/apps/xparser/0.17.1/gcc-6.2/CUnit-2.1-3/CUnit/Headers -std=c99 -MT MyMem.lo -MD -MP -MF .deps/MyMem.Tpo -c MyMem.c  -fPIC -DPIC -o .libs/MyMem.o
libtool: compile:  gcc -DHAVE_CONFIG_H -I. -I../../.. -I../../../CUnit/Headers -I/usr/local/packages/dev/gcc/6.2.0/include -I/usr/local/packages/dev/gcc/6.2.0/include -DRELEASE=@RELEASE@ -Wall -W -pedantic -Wshadow -ansi -I/data/te1st/building/apps/xparser/0.17.1/gcc-6.2/CUnit-2.1-3/CUnit/Headers -std=c99 -MT MyMem.lo -MD -MP -MF .deps/MyMem.Tpo -c MyMem.c -o MyMem.o >/dev/null 2>&1
mv -f .deps/MyMem.Tpo .deps/MyMem.Plo
/bin/sh ../../../libtool  --tag=CC   --mode=compile gcc -DHAVE_CONFIG_H -I. -I../../..  -I../../../CUnit/Headers -I/usr/local/packages/dev/gcc/6.2.0/include  -I/usr/local/packages/dev/gcc/6.2.0/include -DRELEASE=@RELEASE@ -Wall -W -pedantic -Wshadow -ansi -I/data/te1st/building/apps/xparser/0.17.1/gcc-6.2/CUnit-2.1-3/CUnit/Headers -std=c99 -MT TestDB.lo -MD -MP -MF .deps/TestDB.Tpo -c -o TestDB.lo TestDB.c
libtool: compile:  gcc -DHAVE_CONFIG_H -I. -I../../.. -I../../../CUnit/Headers -I/usr/local/packages/dev/gcc/6.2.0/include -I/usr/local/packages/dev/gcc/6.2.0/include -DRELEASE=@RELEASE@ -Wall -W -pedantic -Wshadow -ansi -I/data/te1st/building/apps/xparser/0.17.1/gcc-6.2/CUnit-2.1-3/CUnit/Headers -std=c99 -MT TestDB.lo -MD -MP -MF .deps/TestDB.Tpo -c TestDB.c  -fPIC -DPIC -o .libs/TestDB.o
libtool: compile:  gcc -DHAVE_CONFIG_H -I. -I../../.. -I../../../CUnit/Headers -I/usr/local/packages/dev/gcc/6.2.0/include -I/usr/local/packages/dev/gcc/6.2.0/include -DRELEASE=@RELEASE@ -Wall -W -pedantic -Wshadow -ansi -I/data/te1st/building/apps/xparser/0.17.1/gcc-6.2/CUnit-2.1-3/CUnit/Headers -std=c99 -MT TestDB.lo -MD -MP -MF .deps/TestDB.Tpo -c TestDB.c -o TestDB.o >/dev/null 2>&1
mv -f .deps/TestDB.Tpo .deps/TestDB.Plo
/bin/sh ../../../libtool  --tag=CC   --mode=compile gcc -DHAVE_CONFIG_H -I. -I../../..  -I../../../CUnit/Headers -I/usr/local/packages/dev/gcc/6.2.0/include  -I/usr/local/packages/dev/gcc/6.2.0/include -DRELEASE=@RELEASE@ -Wall -W -pedantic -Wshadow -ansi -I/data/te1st/building/apps/xparser/0.17.1/gcc-6.2/CUnit-2.1-3/CUnit/Headers -std=c99 -MT TestRun.lo -MD -MP -MF .deps/TestRun.Tpo -c -o TestRun.lo TestRun.c
libtool: compile:  gcc -DHAVE_CONFIG_H -I. -I../../.. -I../../../CUnit/Headers -I/usr/local/packages/dev/gcc/6.2.0/include -I/usr/local/packages/dev/gcc/6.2.0/include -DRELEASE=@RELEASE@ -Wall -W -pedantic -Wshadow -ansi -I/data/te1st/building/apps/xparser/0.17.1/gcc-6.2/CUnit-2.1-3/CUnit/Headers -std=c99 -MT TestRun.lo -MD -MP -MF .deps/TestRun.Tpo -c TestRun.c  -fPIC -DPIC -o .libs/TestRun.o
libtool: compile:  gcc -DHAVE_CONFIG_H -I. -I../../.. -I../../../CUnit/Headers -I/usr/local/packages/dev/gcc/6.2.0/include -I/usr/local/packages/dev/gcc/6.2.0/include -DRELEASE=@RELEASE@ -Wall -W -pedantic -Wshadow -ansi -I/data/te1st/building/apps/xparser/0.17.1/gcc-6.2/CUnit-2.1-3/CUnit/Headers -std=c99 -MT TestRun.lo -MD -MP -MF .deps/TestRun.Tpo -c TestRun.c -o TestRun.o >/dev/null 2>&1
mv -f .deps/TestRun.Tpo .deps/TestRun.Plo
/bin/sh ../../../libtool  --tag=CC   --mode=compile gcc -DHAVE_CONFIG_H -I. -I../../..  -I../../../CUnit/Headers -I/usr/local/packages/dev/gcc/6.2.0/include  -I/usr/local/packages/dev/gcc/6.2.0/include -DRELEASE=@RELEASE@ -Wall -W -pedantic -Wshadow -ansi -I/data/te1st/building/apps/xparser/0.17.1/gcc-6.2/CUnit-2.1-3/CUnit/Headers -std=c99 -MT Util.lo -MD -MP -MF .deps/Util.Tpo -c -o Util.lo Util.c
libtool: compile:  gcc -DHAVE_CONFIG_H -I. -I../../.. -I../../../CUnit/Headers -I/usr/local/packages/dev/gcc/6.2.0/include -I/usr/local/packages/dev/gcc/6.2.0/include -DRELEASE=@RELEASE@ -Wall -W -pedantic -Wshadow -ansi -I/data/te1st/building/apps/xparser/0.17.1/gcc-6.2/CUnit-2.1-3/CUnit/Headers -std=c99 -MT Util.lo -MD -MP -MF .deps/Util.Tpo -c Util.c  -fPIC -DPIC -o .libs/Util.o
libtool: compile:  gcc -DHAVE_CONFIG_H -I. -I../../.. -I../../../CUnit/Headers -I/usr/local/packages/dev/gcc/6.2.0/include -I/usr/local/packages/dev/gcc/6.2.0/include -DRELEASE=@RELEASE@ -Wall -W -pedantic -Wshadow -ansi -I/data/te1st/building/apps/xparser/0.17.1/gcc-6.2/CUnit-2.1-3/CUnit/Headers -std=c99 -MT Util.lo -MD -MP -MF .deps/Util.Tpo -c Util.c -o Util.o >/dev/null 2>&1
mv -f .deps/Util.Tpo .deps/Util.Plo
/bin/sh ../../../libtool  --tag=CC   --mode=link gcc  -I/usr/local/packages/dev/gcc/6.2.0/include -DRELEASE=@RELEASE@ -Wall -W -pedantic -Wshadow -ansi -I/data/te1st/building/apps/xparser/0.17.1/gcc-6.2/CUnit-2.1-3/CUnit/Headers -std=c99  -L/usr/local/packages/dev/gcc/6.2.0/lib -L/usr/local/packages/dev/gcc/6.2.0/lib64 -L/data/te1st/building/apps/xparser/0.17.1/gcc-6.2/CUnit-2.1-3/CUnit/Sources -o libcunitfmk.la  CUError.lo MyMem.lo TestDB.lo TestRun.lo Util.lo  -lc 
libtool: link: ar cru .libs/libcunitfmk.a .libs/CUError.o .libs/MyMem.o .libs/TestDB.o .libs/TestRun.o .libs/Util.o 
libtool: link: ranlib .libs/libcunitfmk.a
libtool: link: ( cd ".libs" && rm -f "libcunitfmk.la" && ln -s "../libcunitfmk.la" "libcunitfmk.la" )
make[4]: Leaving directory `/data/te1st/building/apps/xparser/0.17.1/gcc-6.2/CUnit-2.1-3/CUnit/Sources/Framework'
Making all in Automated
make[4]: Entering directory `/data/te1st/building/apps/xparser/0.17.1/gcc-6.2/CUnit-2.1-3/CUnit/Sources/Automated'
/bin/sh ../../../libtool  --tag=CC   --mode=compile gcc -DHAVE_CONFIG_H -I. -I../../..  -I../../../CUnit/Headers -I/usr/local/packages/dev/gcc/6.2.0/include  -I/usr/local/packages/dev/gcc/6.2.0/include -DRELEASE=@RELEASE@ -Wall -W -pedantic -Wshadow -ansi -I/data/te1st/building/apps/xparser/0.17.1/gcc-6.2/CUnit-2.1-3/CUnit/Headers -std=c99 -MT Automated.lo -MD -MP -MF .deps/Automated.Tpo -c -o Automated.lo Automated.c
libtool: compile:  gcc -DHAVE_CONFIG_H -I. -I../../.. -I../../../CUnit/Headers -I/usr/local/packages/dev/gcc/6.2.0/include -I/usr/local/packages/dev/gcc/6.2.0/include -DRELEASE=@RELEASE@ -Wall -W -pedantic -Wshadow -ansi -I/data/te1st/building/apps/xparser/0.17.1/gcc-6.2/CUnit-2.1-3/CUnit/Headers -std=c99 -MT Automated.lo -MD -MP -MF .deps/Automated.Tpo -c Automated.c  -fPIC -DPIC -o .libs/Automated.o
libtool: compile:  gcc -DHAVE_CONFIG_H -I. -I../../.. -I../../../CUnit/Headers -I/usr/local/packages/dev/gcc/6.2.0/include -I/usr/local/packages/dev/gcc/6.2.0/include -DRELEASE=@RELEASE@ -Wall -W -pedantic -Wshadow -ansi -I/data/te1st/building/apps/xparser/0.17.1/gcc-6.2/CUnit-2.1-3/CUnit/Headers -std=c99 -MT Automated.lo -MD -MP -MF .deps/Automated.Tpo -c Automated.c -o Automated.o >/dev/null 2>&1
mv -f .deps/Automated.Tpo .deps/Automated.Plo
/bin/sh ../../../libtool  --tag=CC   --mode=link gcc  -I/usr/local/packages/dev/gcc/6.2.0/include -DRELEASE=@RELEASE@ -Wall -W -pedantic -Wshadow -ansi -I/data/te1st/building/apps/xparser/0.17.1/gcc-6.2/CUnit-2.1-3/CUnit/Headers -std=c99  -L/usr/local/packages/dev/gcc/6.2.0/lib -L/usr/local/packages/dev/gcc/6.2.0/lib64 -L/data/te1st/building/apps/xparser/0.17.1/gcc-6.2/CUnit-2.1-3/CUnit/Sources -o libcunitautomated.la  Automated.lo  -lc 
libtool: link: ar cru .libs/libcunitautomated.a .libs/Automated.o 
libtool: link: ranlib .libs/libcunitautomated.a
libtool: link: ( cd ".libs" && rm -f "libcunitautomated.la" && ln -s "../libcunitautomated.la" "libcunitautomated.la" )
make[4]: Leaving directory `/data/te1st/building/apps/xparser/0.17.1/gcc-6.2/CUnit-2.1-3/CUnit/Sources/Automated'
Making all in Basic
make[4]: Entering directory `/data/te1st/building/apps/xparser/0.17.1/gcc-6.2/CUnit-2.1-3/CUnit/Sources/Basic'
/bin/sh ../../../libtool  --tag=CC   --mode=compile gcc -DHAVE_CONFIG_H -I. -I../../..  -I../../../CUnit/Headers -I/usr/local/packages/dev/gcc/6.2.0/include  -I/usr/local/packages/dev/gcc/6.2.0/include -DRELEASE=@RELEASE@ -Wall -W -pedantic -Wshadow -ansi -I/data/te1st/building/apps/xparser/0.17.1/gcc-6.2/CUnit-2.1-3/CUnit/Headers -std=c99 -MT Basic.lo -MD -MP -MF .deps/Basic.Tpo -c -o Basic.lo Basic.c
libtool: compile:  gcc -DHAVE_CONFIG_H -I. -I../../.. -I../../../CUnit/Headers -I/usr/local/packages/dev/gcc/6.2.0/include -I/usr/local/packages/dev/gcc/6.2.0/include -DRELEASE=@RELEASE@ -Wall -W -pedantic -Wshadow -ansi -I/data/te1st/building/apps/xparser/0.17.1/gcc-6.2/CUnit-2.1-3/CUnit/Headers -std=c99 -MT Basic.lo -MD -MP -MF .deps/Basic.Tpo -c Basic.c  -fPIC -DPIC -o .libs/Basic.o
libtool: compile:  gcc -DHAVE_CONFIG_H -I. -I../../.. -I../../../CUnit/Headers -I/usr/local/packages/dev/gcc/6.2.0/include -I/usr/local/packages/dev/gcc/6.2.0/include -DRELEASE=@RELEASE@ -Wall -W -pedantic -Wshadow -ansi -I/data/te1st/building/apps/xparser/0.17.1/gcc-6.2/CUnit-2.1-3/CUnit/Headers -std=c99 -MT Basic.lo -MD -MP -MF .deps/Basic.Tpo -c Basic.c -o Basic.o >/dev/null 2>&1
mv -f .deps/Basic.Tpo .deps/Basic.Plo
/bin/sh ../../../libtool  --tag=CC   --mode=link gcc  -I/usr/local/packages/dev/gcc/6.2.0/include -DRELEASE=@RELEASE@ -Wall -W -pedantic -Wshadow -ansi -I/data/te1st/building/apps/xparser/0.17.1/gcc-6.2/CUnit-2.1-3/CUnit/Headers -std=c99  -L/usr/local/packages/dev/gcc/6.2.0/lib -L/usr/local/packages/dev/gcc/6.2.0/lib64 -L/data/te1st/building/apps/xparser/0.17.1/gcc-6.2/CUnit-2.1-3/CUnit/Sources -o libcunitbasic.la  Basic.lo  -lc 
libtool: link: ar cru .libs/libcunitbasic.a .libs/Basic.o 
libtool: link: ranlib .libs/libcunitbasic.a
libtool: link: ( cd ".libs" && rm -f "libcunitbasic.la" && ln -s "../libcunitbasic.la" "libcunitbasic.la" )
make[4]: Leaving directory `/data/te1st/building/apps/xparser/0.17.1/gcc-6.2/CUnit-2.1-3/CUnit/Sources/Basic'
Making all in Console
make[4]: Entering directory `/data/te1st/building/apps/xparser/0.17.1/gcc-6.2/CUnit-2.1-3/CUnit/Sources/Console'
/bin/sh ../../../libtool  --tag=CC   --mode=compile gcc -DHAVE_CONFIG_H -I. -I../../..  -I../../../CUnit/Headers -I/usr/local/packages/dev/gcc/6.2.0/include  -I/usr/local/packages/dev/gcc/6.2.0/include -DRELEASE=@RELEASE@ -Wall -W -pedantic -Wshadow -ansi -I/data/te1st/building/apps/xparser/0.17.1/gcc-6.2/CUnit-2.1-3/CUnit/Headers -std=c99 -MT Console.lo -MD -MP -MF .deps/Console.Tpo -c -o Console.lo Console.c
libtool: compile:  gcc -DHAVE_CONFIG_H -I. -I../../.. -I../../../CUnit/Headers -I/usr/local/packages/dev/gcc/6.2.0/include -I/usr/local/packages/dev/gcc/6.2.0/include -DRELEASE=@RELEASE@ -Wall -W -pedantic -Wshadow -ansi -I/data/te1st/building/apps/xparser/0.17.1/gcc-6.2/CUnit-2.1-3/CUnit/Headers -std=c99 -MT Console.lo -MD -MP -MF .deps/Console.Tpo -c Console.c  -fPIC -DPIC -o .libs/Console.o
libtool: compile:  gcc -DHAVE_CONFIG_H -I. -I../../.. -I../../../CUnit/Headers -I/usr/local/packages/dev/gcc/6.2.0/include -I/usr/local/packages/dev/gcc/6.2.0/include -DRELEASE=@RELEASE@ -Wall -W -pedantic -Wshadow -ansi -I/data/te1st/building/apps/xparser/0.17.1/gcc-6.2/CUnit-2.1-3/CUnit/Headers -std=c99 -MT Console.lo -MD -MP -MF .deps/Console.Tpo -c Console.c -o Console.o >/dev/null 2>&1
mv -f .deps/Console.Tpo .deps/Console.Plo
/bin/sh ../../../libtool  --tag=CC   --mode=link gcc  -I/usr/local/packages/dev/gcc/6.2.0/include -DRELEASE=@RELEASE@ -Wall -W -pedantic -Wshadow -ansi -I/data/te1st/building/apps/xparser/0.17.1/gcc-6.2/CUnit-2.1-3/CUnit/Headers -std=c99  -L/usr/local/packages/dev/gcc/6.2.0/lib -L/usr/local/packages/dev/gcc/6.2.0/lib64 -L/data/te1st/building/apps/xparser/0.17.1/gcc-6.2/CUnit-2.1-3/CUnit/Sources -o libcunitconsole.la  Console.lo  -lc 
libtool: link: ar cru .libs/libcunitconsole.a .libs/Console.o 
libtool: link: ranlib .libs/libcunitconsole.a
libtool: link: ( cd ".libs" && rm -f "libcunitconsole.la" && ln -s "../libcunitconsole.la" "libcunitconsole.la" )
make[4]: Leaving directory `/data/te1st/building/apps/xparser/0.17.1/gcc-6.2/CUnit-2.1-3/CUnit/Sources/Console'
Making all in .
make[4]: Entering directory `/data/te1st/building/apps/xparser/0.17.1/gcc-6.2/CUnit-2.1-3/CUnit/Sources'
rm -f libcunit_test.a
ar cru libcunit_test.a  Framework/CUError_test.o Framework/MyMem_test.o Framework/TestDB_test.o Framework/TestRun_test.o Framework/Util_test.o
ranlib libcunit_test.a
/bin/sh ../../libtool  --tag=CC   --mode=link gcc  -I/usr/local/packages/dev/gcc/6.2.0/include -DRELEASE=@RELEASE@ -Wall -W -pedantic -Wshadow -ansi -I/data/te1st/building/apps/xparser/0.17.1/gcc-6.2/CUnit-2.1-3/CUnit/Headers -std=c99 -version-info 1:1:0 -L/usr/local/packages/dev/gcc/6.2.0/lib -L/usr/local/packages/dev/gcc/6.2.0/lib64 -L/data/te1st/building/apps/xparser/0.17.1/gcc-6.2/CUnit-2.1-3/CUnit/Sources -o libcunit.la -rpath /usr/local/packages/apps/xparser/0.17.1/gcc-6.2/lib  Framework/CUError.lo Framework/MyMem.lo Framework/TestDB.lo Framework/TestRun.lo Framework/Util.lo Automated/Automated.lo Basic/Basic.lo Console/Console.lo  -lc 
libtool: link: gcc -shared  -fPIC -DPIC  Framework/.libs/CUError.o Framework/.libs/MyMem.o Framework/.libs/TestDB.o Framework/.libs/TestRun.o Framework/.libs/Util.o Automated/.libs/Automated.o Basic/.libs/Basic.o Console/.libs/Console.o   -L/usr/local/packages/dev/gcc/6.2.0/lib -L/usr/local/packages/dev/gcc/6.2.0/lib64 -L/data/te1st/building/apps/xparser/0.17.1/gcc-6.2/CUnit-2.1-3/CUnit/Sources -lc    -Wl,-soname -Wl,libcunit.so.1 -o .libs/libcunit.so.1.0.1
libtool: link: (cd ".libs" && rm -f "libcunit.so.1" && ln -s "libcunit.so.1.0.1" "libcunit.so.1")
libtool: link: (cd ".libs" && rm -f "libcunit.so" && ln -s "libcunit.so.1.0.1" "libcunit.so")
libtool: link: ar cru .libs/libcunit.a  Framework/CUError.o Framework/MyMem.o Framework/TestDB.o Framework/TestRun.o Framework/Util.o Automated/Automated.o Basic/Basic.o Console/Console.o
libtool: link: ranlib .libs/libcunit.a
libtool: link: ( cd ".libs" && rm -f "libcunit.la" && ln -s "../libcunit.la" "libcunit.la" )
make[4]: Leaving directory `/data/te1st/building/apps/xparser/0.17.1/gcc-6.2/CUnit-2.1-3/CUnit/Sources'
Making all in Test
make[4]: Entering directory `/data/te1st/building/apps/xparser/0.17.1/gcc-6.2/CUnit-2.1-3/CUnit/Sources/Test'
gcc -DHAVE_CONFIG_H -I. -I../../.. -DMEMTRACE -DCUNIT_BUILD_TESTS -DCUNIT_DO_NOT_DEFINE_UNLESS_BUILDING_TESTS -I../../../CUnit/Headers -I/usr/local/packages/dev/gcc/6.2.0/include  -I/usr/local/packages/dev/gcc/6.2.0/include -DRELEASE=@RELEASE@ -Wall -W -pedantic -Wshadow -ansi -I/data/te1st/building/apps/xparser/0.17.1/gcc-6.2/CUnit-2.1-3/CUnit/Headers -std=c99 -MT test_cunit.o -MD -MP -MF .deps/test_cunit.Tpo -c -o test_cunit.o test_cunit.c
mv -f .deps/test_cunit.Tpo .deps/test_cunit.Po
/bin/sh ../../../libtool  --tag=CC   --mode=link gcc  -I/usr/local/packages/dev/gcc/6.2.0/include -DRELEASE=@RELEASE@ -Wall -W -pedantic -Wshadow -ansi -I/data/te1st/building/apps/xparser/0.17.1/gcc-6.2/CUnit-2.1-3/CUnit/Headers -std=c99 -L.. -L/usr/local/packages/dev/gcc/6.2.0/lib -L/usr/local/packages/dev/gcc/6.2.0/lib64 -L/data/te1st/building/apps/xparser/0.17.1/gcc-6.2/CUnit-2.1-3/CUnit/Sources -o test_cunit test_cunit.o ../libcunit_test.a -lc 
libtool: link: gcc -I/usr/local/packages/dev/gcc/6.2.0/include -DRELEASE=@RELEASE@ -Wall -W -pedantic -Wshadow -ansi -I/data/te1st/building/apps/xparser/0.17.1/gcc-6.2/CUnit-2.1-3/CUnit/Headers -std=c99 -o test_cunit test_cunit.o  -L.. -L/usr/local/packages/dev/gcc/6.2.0/lib -L/usr/local/packages/dev/gcc/6.2.0/lib64 -L/data/te1st/building/apps/xparser/0.17.1/gcc-6.2/CUnit-2.1-3/CUnit/Sources ../libcunit_test.a -lc
make[4]: Leaving directory `/data/te1st/building/apps/xparser/0.17.1/gcc-6.2/CUnit-2.1-3/CUnit/Sources/Test'
make[3]: Leaving directory `/data/te1st/building/apps/xparser/0.17.1/gcc-6.2/CUnit-2.1-3/CUnit/Sources'
Making all in Headers
make[3]: Entering directory `/data/te1st/building/apps/xparser/0.17.1/gcc-6.2/CUnit-2.1-3/CUnit/Headers'
make[3]: Nothing to be done for `all'.
make[3]: Leaving directory `/data/te1st/building/apps/xparser/0.17.1/gcc-6.2/CUnit-2.1-3/CUnit/Headers'
make[3]: Entering directory `/data/te1st/building/apps/xparser/0.17.1/gcc-6.2/CUnit-2.1-3/CUnit'
make[3]: Nothing to be done for `all-am'.
make[3]: Leaving directory `/data/te1st/building/apps/xparser/0.17.1/gcc-6.2/CUnit-2.1-3/CUnit'
make[2]: Leaving directory `/data/te1st/building/apps/xparser/0.17.1/gcc-6.2/CUnit-2.1-3/CUnit'
Making all in doc
make[2]: Entering directory `/data/te1st/building/apps/xparser/0.17.1/gcc-6.2/CUnit-2.1-3/doc'
Making all in headers
make[3]: Entering directory `/data/te1st/building/apps/xparser/0.17.1/gcc-6.2/CUnit-2.1-3/doc/headers'
cp -f ../../CUnit/Headers/*.h .
cp -f ../../CUnit/Sources/Win/Win.h .
make[3]: Leaving directory `/data/te1st/building/apps/xparser/0.17.1/gcc-6.2/CUnit-2.1-3/doc/headers'
make[3]: Entering directory `/data/te1st/building/apps/xparser/0.17.1/gcc-6.2/CUnit-2.1-3/doc'
make[3]: Nothing to be done for `all-am'.
make[3]: Leaving directory `/data/te1st/building/apps/xparser/0.17.1/gcc-6.2/CUnit-2.1-3/doc'
make[2]: Leaving directory `/data/te1st/building/apps/xparser/0.17.1/gcc-6.2/CUnit-2.1-3/doc'
Making all in Man
make[2]: Entering directory `/data/te1st/building/apps/xparser/0.17.1/gcc-6.2/CUnit-2.1-3/Man'
Making all in man3
make[3]: Entering directory `/data/te1st/building/apps/xparser/0.17.1/gcc-6.2/CUnit-2.1-3/Man/man3'
make[3]: Nothing to be done for `all'.
make[3]: Leaving directory `/data/te1st/building/apps/xparser/0.17.1/gcc-6.2/CUnit-2.1-3/Man/man3'
make[3]: Entering directory `/data/te1st/building/apps/xparser/0.17.1/gcc-6.2/CUnit-2.1-3/Man'
make[3]: Nothing to be done for `all-am'.
make[3]: Leaving directory `/data/te1st/building/apps/xparser/0.17.1/gcc-6.2/CUnit-2.1-3/Man'
make[2]: Leaving directory `/data/te1st/building/apps/xparser/0.17.1/gcc-6.2/CUnit-2.1-3/Man'
Making all in Share
make[2]: Entering directory `/data/te1st/building/apps/xparser/0.17.1/gcc-6.2/CUnit-2.1-3/Share'
make[2]: Nothing to be done for `all'.
make[2]: Leaving directory `/data/te1st/building/apps/xparser/0.17.1/gcc-6.2/CUnit-2.1-3/Share'
make[2]: Entering directory `/data/te1st/building/apps/xparser/0.17.1/gcc-6.2/CUnit-2.1-3'
make[2]: Leaving directory `/data/te1st/building/apps/xparser/0.17.1/gcc-6.2/CUnit-2.1-3'
make[1]: Leaving directory `/data/te1st/building/apps/xparser/0.17.1/gcc-6.2/CUnit-2.1-3'
Making install in CUnit
make[1]: Entering directory `/data/te1st/building/apps/xparser/0.17.1/gcc-6.2/CUnit-2.1-3/CUnit'
Making install in Sources
make[2]: Entering directory `/data/te1st/building/apps/xparser/0.17.1/gcc-6.2/CUnit-2.1-3/CUnit/Sources'
Making install in Framework
make[3]: Entering directory `/data/te1st/building/apps/xparser/0.17.1/gcc-6.2/CUnit-2.1-3/CUnit/Sources/Framework'
make[4]: Entering directory `/data/te1st/building/apps/xparser/0.17.1/gcc-6.2/CUnit-2.1-3/CUnit/Sources/Framework'
make[4]: Nothing to be done for `install-exec-am'.
make[4]: Nothing to be done for `install-data-am'.
make[4]: Leaving directory `/data/te1st/building/apps/xparser/0.17.1/gcc-6.2/CUnit-2.1-3/CUnit/Sources/Framework'
make[3]: Leaving directory `/data/te1st/building/apps/xparser/0.17.1/gcc-6.2/CUnit-2.1-3/CUnit/Sources/Framework'
Making install in Automated
make[3]: Entering directory `/data/te1st/building/apps/xparser/0.17.1/gcc-6.2/CUnit-2.1-3/CUnit/Sources/Automated'
make[4]: Entering directory `/data/te1st/building/apps/xparser/0.17.1/gcc-6.2/CUnit-2.1-3/CUnit/Sources/Automated'
make[4]: Nothing to be done for `install-exec-am'.
make[4]: Nothing to be done for `install-data-am'.
make[4]: Leaving directory `/data/te1st/building/apps/xparser/0.17.1/gcc-6.2/CUnit-2.1-3/CUnit/Sources/Automated'
make[3]: Leaving directory `/data/te1st/building/apps/xparser/0.17.1/gcc-6.2/CUnit-2.1-3/CUnit/Sources/Automated'
Making install in Basic
make[3]: Entering directory `/data/te1st/building/apps/xparser/0.17.1/gcc-6.2/CUnit-2.1-3/CUnit/Sources/Basic'
make[4]: Entering directory `/data/te1st/building/apps/xparser/0.17.1/gcc-6.2/CUnit-2.1-3/CUnit/Sources/Basic'
make[4]: Nothing to be done for `install-exec-am'.
make[4]: Nothing to be done for `install-data-am'.
make[4]: Leaving directory `/data/te1st/building/apps/xparser/0.17.1/gcc-6.2/CUnit-2.1-3/CUnit/Sources/Basic'
make[3]: Leaving directory `/data/te1st/building/apps/xparser/0.17.1/gcc-6.2/CUnit-2.1-3/CUnit/Sources/Basic'
Making install in Console
make[3]: Entering directory `/data/te1st/building/apps/xparser/0.17.1/gcc-6.2/CUnit-2.1-3/CUnit/Sources/Console'
make[4]: Entering directory `/data/te1st/building/apps/xparser/0.17.1/gcc-6.2/CUnit-2.1-3/CUnit/Sources/Console'
make[4]: Nothing to be done for `install-exec-am'.
make[4]: Nothing to be done for `install-data-am'.
make[4]: Leaving directory `/data/te1st/building/apps/xparser/0.17.1/gcc-6.2/CUnit-2.1-3/CUnit/Sources/Console'
make[3]: Leaving directory `/data/te1st/building/apps/xparser/0.17.1/gcc-6.2/CUnit-2.1-3/CUnit/Sources/Console'
Making install in .
make[3]: Entering directory `/data/te1st/building/apps/xparser/0.17.1/gcc-6.2/CUnit-2.1-3/CUnit/Sources'
make[4]: Entering directory `/data/te1st/building/apps/xparser/0.17.1/gcc-6.2/CUnit-2.1-3/CUnit/Sources'
 /bin/mkdir -p '/usr/local/packages/apps/xparser/0.17.1/gcc-6.2/lib'
 /bin/sh ../../libtool   --mode=install /bin/install -c   libcunit.la '/usr/local/packages/apps/xparser/0.17.1/gcc-6.2/lib'
libtool: install: /bin/install -c .libs/libcunit.so.1.0.1 /usr/local/packages/apps/xparser/0.17.1/gcc-6.2/lib/libcunit.so.1.0.1
libtool: install: (cd /usr/local/packages/apps/xparser/0.17.1/gcc-6.2/lib && { ln -s -f libcunit.so.1.0.1 libcunit.so.1 || { rm -f libcunit.so.1 && ln -s libcunit.so.1.0.1 libcunit.so.1; }; })
libtool: install: (cd /usr/local/packages/apps/xparser/0.17.1/gcc-6.2/lib && { ln -s -f libcunit.so.1.0.1 libcunit.so || { rm -f libcunit.so && ln -s libcunit.so.1.0.1 libcunit.so; }; })
libtool: install: /bin/install -c .libs/libcunit.lai /usr/local/packages/apps/xparser/0.17.1/gcc-6.2/lib/libcunit.la
libtool: install: /bin/install -c .libs/libcunit.a /usr/local/packages/apps/xparser/0.17.1/gcc-6.2/lib/libcunit.a
libtool: install: chmod 644 /usr/local/packages/apps/xparser/0.17.1/gcc-6.2/lib/libcunit.a
libtool: install: ranlib /usr/local/packages/apps/xparser/0.17.1/gcc-6.2/lib/libcunit.a
libtool: finish: PATH="/usr/local/packages/dev/gcc/6.2.0/bin:/usr/lib/ccache:/home/te1st/dev/go/bin:/home/te1st/.git_subrepo_dir/lib:/home/te1st/bin:/home/te1st/Software/git/bin:/usr/local/sge/live/bin/lx-amd64:/usr/local/scripts/:/usr/lib64/qt-3.3/bin:/scratch/1081979.1.all.q:/usr/local/bin:/bin:/usr/bin:/sbin" ldconfig -n /usr/local/packages/apps/xparser/0.17.1/gcc-6.2/lib
----------------------------------------------------------------------
Libraries have been installed in:
   /usr/local/packages/apps/xparser/0.17.1/gcc-6.2/lib

If you ever happen to want to link against installed libraries
in a given directory, LIBDIR, you must either use libtool, and
specify the full pathname of the library, or use the `-LLIBDIR'
flag during linking and do at least one of the following:
   - add LIBDIR to the `LD_LIBRARY_PATH' environment variable
     during execution
   - add LIBDIR to the `LD_RUN_PATH' environment variable
     during linking
   - use the `-Wl,-rpath -Wl,LIBDIR' linker flag
   - have your system administrator add LIBDIR to `/etc/ld.so.conf'

See any operating system documentation about shared libraries for
more information, such as the ld(1) and ld.so(8) manual pages.
----------------------------------------------------------------------
make[4]: Nothing to be done for `install-data-am'.
make[4]: Leaving directory `/data/te1st/building/apps/xparser/0.17.1/gcc-6.2/CUnit-2.1-3/CUnit/Sources'
make[3]: Leaving directory `/data/te1st/building/apps/xparser/0.17.1/gcc-6.2/CUnit-2.1-3/CUnit/Sources'
Making install in Test
make[3]: Entering directory `/data/te1st/building/apps/xparser/0.17.1/gcc-6.2/CUnit-2.1-3/CUnit/Sources/Test'
make[4]: Entering directory `/data/te1st/building/apps/xparser/0.17.1/gcc-6.2/CUnit-2.1-3/CUnit/Sources/Test'
make[4]: Nothing to be done for `install-exec-am'.
 /bin/mkdir -p '/usr/local/packages/apps/xparser/0.17.1/gcc-6.2/share/CUnit/Test'
  /bin/sh ../../../libtool   --mode=install /bin/install -c test_cunit '/usr/local/packages/apps/xparser/0.17.1/gcc-6.2/share/CUnit/Test'
libtool: install: /bin/install -c test_cunit /usr/local/packages/apps/xparser/0.17.1/gcc-6.2/share/CUnit/Test/test_cunit
make[4]: Leaving directory `/data/te1st/building/apps/xparser/0.17.1/gcc-6.2/CUnit-2.1-3/CUnit/Sources/Test'
make[3]: Leaving directory `/data/te1st/building/apps/xparser/0.17.1/gcc-6.2/CUnit-2.1-3/CUnit/Sources/Test'
make[2]: Leaving directory `/data/te1st/building/apps/xparser/0.17.1/gcc-6.2/CUnit-2.1-3/CUnit/Sources'
Making install in Headers
make[2]: Entering directory `/data/te1st/building/apps/xparser/0.17.1/gcc-6.2/CUnit-2.1-3/CUnit/Headers'
make[3]: Entering directory `/data/te1st/building/apps/xparser/0.17.1/gcc-6.2/CUnit-2.1-3/CUnit/Headers'
make[3]: Nothing to be done for `install-exec-am'.
 /bin/mkdir -p '/usr/local/packages/apps/xparser/0.17.1/gcc-6.2/include/CUnit'
 /bin/install -c -m 644 CUError.h CUnit.h CUnit_intl.h MyMem.h TestDB.h TestRun.h Util.h Basic.h Console.h Automated.h '/usr/local/packages/apps/xparser/0.17.1/gcc-6.2/include/CUnit'
make[3]: Leaving directory `/data/te1st/building/apps/xparser/0.17.1/gcc-6.2/CUnit-2.1-3/CUnit/Headers'
make[2]: Leaving directory `/data/te1st/building/apps/xparser/0.17.1/gcc-6.2/CUnit-2.1-3/CUnit/Headers'
make[2]: Entering directory `/data/te1st/building/apps/xparser/0.17.1/gcc-6.2/CUnit-2.1-3/CUnit'
make[3]: Entering directory `/data/te1st/building/apps/xparser/0.17.1/gcc-6.2/CUnit-2.1-3/CUnit'
make[3]: Nothing to be done for `install-exec-am'.
make[3]: Nothing to be done for `install-data-am'.
make[3]: Leaving directory `/data/te1st/building/apps/xparser/0.17.1/gcc-6.2/CUnit-2.1-3/CUnit'
make[2]: Leaving directory `/data/te1st/building/apps/xparser/0.17.1/gcc-6.2/CUnit-2.1-3/CUnit'
make[1]: Leaving directory `/data/te1st/building/apps/xparser/0.17.1/gcc-6.2/CUnit-2.1-3/CUnit'
Making install in doc
make[1]: Entering directory `/data/te1st/building/apps/xparser/0.17.1/gcc-6.2/CUnit-2.1-3/doc'
Making install in headers
make[2]: Entering directory `/data/te1st/building/apps/xparser/0.17.1/gcc-6.2/CUnit-2.1-3/doc/headers'
cp -f ../../CUnit/Headers/*.h .
cp -f ../../CUnit/Sources/Win/Win.h .
make[3]: Entering directory `/data/te1st/building/apps/xparser/0.17.1/gcc-6.2/CUnit-2.1-3/doc/headers'
make[3]: Nothing to be done for `install-exec-am'.
cp -f ../../CUnit/Headers/*.h .
cp -f ../../CUnit/Sources/Win/Win.h .
 /bin/mkdir -p '/usr/local/packages/apps/xparser/0.17.1/gcc-6.2/doc/CUnit/headers'
 /bin/install -c -m 644 Automated.h Basic.h Console.h CUError.h CUnit.h CUnit_intl.h CUCurses.h MyMem.h TestDB.h TestRun.h Util.h Win.h '/usr/local/packages/apps/xparser/0.17.1/gcc-6.2/doc/CUnit/headers'
make[3]: Leaving directory `/data/te1st/building/apps/xparser/0.17.1/gcc-6.2/CUnit-2.1-3/doc/headers'
make[2]: Leaving directory `/data/te1st/building/apps/xparser/0.17.1/gcc-6.2/CUnit-2.1-3/doc/headers'
make[2]: Entering directory `/data/te1st/building/apps/xparser/0.17.1/gcc-6.2/CUnit-2.1-3/doc'
make[3]: Entering directory `/data/te1st/building/apps/xparser/0.17.1/gcc-6.2/CUnit-2.1-3/doc'
make[3]: Nothing to be done for `install-exec-am'.
 /bin/mkdir -p '/usr/local/packages/apps/xparser/0.17.1/gcc-6.2/doc/CUnit'
 /bin/install -c -m 644 CUnit_doc.css error_handling.html fdl.html index.html introduction.html managing_tests.html running_tests.html test_registry.html writing_tests.html '/usr/local/packages/apps/xparser/0.17.1/gcc-6.2/doc/CUnit'
make[3]: Leaving directory `/data/te1st/building/apps/xparser/0.17.1/gcc-6.2/CUnit-2.1-3/doc'
make[2]: Leaving directory `/data/te1st/building/apps/xparser/0.17.1/gcc-6.2/CUnit-2.1-3/doc'
make[1]: Leaving directory `/data/te1st/building/apps/xparser/0.17.1/gcc-6.2/CUnit-2.1-3/doc'
Making install in Man
make[1]: Entering directory `/data/te1st/building/apps/xparser/0.17.1/gcc-6.2/CUnit-2.1-3/Man'
Making install in man3
make[2]: Entering directory `/data/te1st/building/apps/xparser/0.17.1/gcc-6.2/CUnit-2.1-3/Man/man3'
make[3]: Entering directory `/data/te1st/building/apps/xparser/0.17.1/gcc-6.2/CUnit-2.1-3/Man/man3'
make[3]: Nothing to be done for `install-exec-am'.
 /bin/mkdir -p '/usr/local/packages/apps/xparser/0.17.1/gcc-6.2/share/man/man3'
 /bin/install -c -m 644 CUnit.3 '/usr/local/packages/apps/xparser/0.17.1/gcc-6.2/share/man/man3'
make[3]: Leaving directory `/data/te1st/building/apps/xparser/0.17.1/gcc-6.2/CUnit-2.1-3/Man/man3'
make[2]: Leaving directory `/data/te1st/building/apps/xparser/0.17.1/gcc-6.2/CUnit-2.1-3/Man/man3'
make[2]: Entering directory `/data/te1st/building/apps/xparser/0.17.1/gcc-6.2/CUnit-2.1-3/Man'
make[3]: Entering directory `/data/te1st/building/apps/xparser/0.17.1/gcc-6.2/CUnit-2.1-3/Man'
make[3]: Nothing to be done for `install-exec-am'.
make[3]: Nothing to be done for `install-data-am'.
make[3]: Leaving directory `/data/te1st/building/apps/xparser/0.17.1/gcc-6.2/CUnit-2.1-3/Man'
make[2]: Leaving directory `/data/te1st/building/apps/xparser/0.17.1/gcc-6.2/CUnit-2.1-3/Man'
make[1]: Leaving directory `/data/te1st/building/apps/xparser/0.17.1/gcc-6.2/CUnit-2.1-3/Man'
Making install in Share
make[1]: Entering directory `/data/te1st/building/apps/xparser/0.17.1/gcc-6.2/CUnit-2.1-3/Share'
make[2]: Entering directory `/data/te1st/building/apps/xparser/0.17.1/gcc-6.2/CUnit-2.1-3/Share'
make[2]: Nothing to be done for `install-exec-am'.
 /bin/mkdir -p '/usr/local/packages/apps/xparser/0.17.1/gcc-6.2/share/CUnit'
 /bin/install -c -m 644 CUnit-List.dtd CUnit-List.xsl CUnit-Run.dtd CUnit-Run.xsl Memory-Dump.dtd Memory-Dump.xsl '/usr/local/packages/apps/xparser/0.17.1/gcc-6.2/share/CUnit'
make[2]: Leaving directory `/data/te1st/building/apps/xparser/0.17.1/gcc-6.2/CUnit-2.1-3/Share'
make[1]: Leaving directory `/data/te1st/building/apps/xparser/0.17.1/gcc-6.2/CUnit-2.1-3/Share'
make[1]: Entering directory `/data/te1st/building/apps/xparser/0.17.1/gcc-6.2/CUnit-2.1-3'
make[2]: Entering directory `/data/te1st/building/apps/xparser/0.17.1/gcc-6.2/CUnit-2.1-3'
make[2]: Nothing to be done for `install-exec-am'.
 /bin/mkdir -p '/usr/local/packages/apps/xparser/0.17.1/gcc-6.2/lib/pkgconfig'
 /bin/install -c -m 644 cunit.pc '/usr/local/packages/apps/xparser/0.17.1/gcc-6.2/lib/pkgconfig'
make[2]: Leaving directory `/data/te1st/building/apps/xparser/0.17.1/gcc-6.2/CUnit-2.1-3'
make[1]: Leaving directory `/data/te1st/building/apps/xparser/0.17.1/gcc-6.2/CUnit-2.1-3'

Testing CUnit internals...
     testing CUError.c ... 15 assertions, 0 failures
     testing MyMem.c ... 34 assertions, 0 failures
     testing TestDB.c ... 893 assertions, 0 failures
     testing TestRun.c ... 2836 assertions, 0 failures
     testing Util.c ... 137 assertions, 0 failures

---------------------------
CUnit Internal Test Results
---------------------------
  Total Number of Assertions: 3915
     Successes: 3915
     Failures: 0

Total test time =    0.320 seconds.
/data/te1st/building/apps/xparser/0.17.1/gcc-6.2
Source tarball does not exists or does not have a valid checksum; (re)downloading.
/data/te1st/building/apps/xparser/0.17.1/gcc-6.2/FLAME-HPC-xparser-ef57674 /data/te1st/building/apps/xparser/0.17.1/gcc-6.2
rm -f *.o xparser.exe xparser
gcc -c -g -std=c99 -Wall -pedantic xparser.c -o xparser.o
gcc -c -g -std=c99 -Wall -pedantic memory.c -o memory.o
gcc -c -g -std=c99 -Wall -pedantic readmodel.c -o readmodel.o
gcc -c -g -std=c99 -Wall -pedantic dependencygraph.c -o dependencygraph.o
gcc -c -g -std=c99 -Wall -pedantic parsetemplate.c -o parsetemplate.o
gcc  xparser.o memory.o readmodel.o dependencygraph.o parsetemplate.o -o xparser
/data/te1st/building/apps/xparser/0.17.1/gcc-6.2
NB: need to create modulefile /usr/local/modulefiles/apps/xparser/0.17.1/gcc-6.2
